Microsoft (R) Macro Assembler Version 12.00.30501.0	    05/01/15 22:46:06
16bit_alu.asm						     Page 1 - 1


				;Bee Cha
				;Lab 10
				;Implement a 16-bit ALU
				;Perform the 1-bit ALU for each 16-bit
				;Do different operation controled by the binv and op
				;Output results

				.586
				.MODEL FLAT

				INCLUDE io.h            ; header file for input/output
			      C ; IO.H -- header file for I/O macros (listing suppressed)
			      C .NOLIST      ; turn off listing
			      C .LIST        ; begin listing
			      C 

				.STACK 4096

 00000000			.DATA

 00000000 45 6E 74 65 72	prompt1	BYTE	"Enter a, b, carry in, and op code", 0
	   20 61 2C 20 62
	   2C 20 63 61 72
	   72 79 20 69 6E
	   2C 20 61 6E 64
	   20 6F 70 20 63
	   6F 64 65 00
 00000022 00000000		a		DWORD	?
 00000026 00000000		b		DWORD	?
 0000002A 00000000		binv	DWORD	?
 0000002E 00000000		op		DWORD	?
 00000032  00000028 [		arg		BYTE	40 dup(?),0
	    00
	   ] 00
 0000005B  00000004 [		temp	BYTE	4 dup(" "),0
	    20
	   ] 00
 00000060 00			temp2	BYTE	?
 00000061 00000000		and_result	DWORD	?
 00000065 00000000		or_result	DWORD	?
 00000069 00000000		xor_result	DWORD	?
 0000006D 00000000		add_result	DWORD	?
 00000071 00000000		cin_plus	DWORD	?
 00000075 00000000		si_result	DWORD	?
 00000079 00000000		carry		DWORD	?
 0000007D  00000002 [		result_str	BYTE	2 dup(" "), 0
	    20
	   ] 00
 00000080 52 65 73 75 6C	outlbl	BYTE	"Result 1-Bit ALU", 0
	   74 20 31 2D 42
	   69 74 20 41 4C
	   55 00
 00000091 61 69 09 62 69	label2	BYTE	"ai", 09h, "bi", 09h, "ci", 09h, "op", 09h, "Si", 09h, "Ci+1", 0dh, 0	;20 characters
	   09 63 69 09 6F
	   70 09 53 69 09
	   43 69 2B 31 0D
	   00
 000000A6 00			outstr	BYTE	400 dup(?), 0


 00000000			.CODE
 00000000			_MainProc PROC

						input	prompt1, arg, 40		;Get user input

 0000001E  8D 1D 00000032 R			lea		ebx, arg
 00000024  8D 15 0000005B R			lea		edx, temp
 0000002A  B9 00000000				mov		ecx, 0

 0000002F			loop1:
 0000002F  80 3B 20				cmp		BYTE ptr [ebx], 20h		;Compare if it's a blank space
 00000032  74 0B				je		done1
 00000034  80 3B 00				cmp		BYTE ptr [ebx], 00h		;Compare if it's a null space
 00000037  74 06				je		done1
 00000039  8A 03				mov		AL, byte ptr [ebx]		;Otherwise get 1 byte from it
 0000003B  88 02				mov		[edx], AL				;And put it in temp string
 0000003D  41					inc		ecx
 0000003E  42					inc		edx
 0000003F			done1:
 0000003F  43					inc		ebx
 00000040  83 F9 04				cmp		ecx, 4
 00000043  7C EA				jl		loop1

					;-----Convert each parameters in [EBX] into dword, ATOD-----;

 00000045  8D 15 0000005B R			lea		edx, temp
 0000004B  8A 02				mov		AL, byte ptr [edx]
 0000004D  A2 00000060 R			mov		temp2, AL
						atod	temp2
 00000061  A3 00000022 R			mov		a, eax

 00000066  42					inc		edx
 00000067  8A 02				mov		AL, byte ptr [edx]
 00000069  A2 00000060 R			mov		temp2, AL
						atod	temp2
 0000007D  A3 00000026 R			mov		b, eax

 00000082  42					inc		edx
 00000083  8A 02				mov		AL, byte ptr [edx]
 00000085  A2 00000060 R			mov		temp2, AL
						atod	temp2
 00000099  A3 0000002A R			mov		binv, eax

 0000009E  42					inc		edx
 0000009F  8A 02				mov		AL, byte ptr [edx]
 000000A1  A2 00000060 R			mov		temp2, AL
						atod	temp2
 000000B5  A3 0000002E R			mov		op, eax

					;-----Now you have the corresponding arguments: a, b, binv, and op-----;

 000000BA  FF 35 00000022 R			push	a
 000000C0  FF 35 00000026 R			push	b
 000000C6  FF 35 0000002A R			push	binv
 000000CC  FF 35 0000002E R			push	op
 000000D2  FF 35 00000061 R			push	and_result
 000000D8  FF 35 00000065 R			push	or_result
 000000DE  FF 35 00000069 R			push	xor_result
 000000E4  FF 35 00000079 R			push	carry
 000000EA  E8 00000009				call	test_proc
 000000EF  83 C4 20				add		esp, 32


 000000F2  B8 00000000		        mov     eax, 0  ; exit with return code 0
 000000F7  C3			        ret
 000000F8			_MainProc ENDP

 000000F8			test_proc	PROC

						;---STACK---;
						;	[ebp+36] = a
						;	[ebp+32] = b
						;	[ebp+28] = binv
						;	[ebp+24] = op
						;	[ebp+20] = and_result
						;	[ebp+16] = or_result
						;	[ebp+12] = xor_result
						;	[ebp+8]  = carry
						
 000000F8  55					push	ebp
 000000F9  8B EC				mov		ebp, esp
						
 000000FB  FF 75 24				push	[ebp+36]
 000000FE  FF 75 20				push	[ebp+32]
 00000101  E8 00000035				call	AND_gate
 00000106  89 45 14				mov		[ebp+20], eax		;and_result
 00000109  E8 00000038				call	OR_gate
 0000010E  89 45 10				mov		[ebp+16], eax		;or_result
 00000111  E8 0000003B				call	XOR_gate
 00000116  89 45 0C				mov		[ebp+12], eax		;xor_result
 00000119  83 C4 08				add		esp, 8

 0000011C  FF 35 00000069 R			push	xor_result
 00000122  FF 35 00000061 R			push	and_result
 00000128  FF 35 0000002A R			push	binv
 0000012E  E8 00000029				call	full_adder
 00000133  89 45 08				mov		[ebp+8], eax		;carry
 00000136  83 C4 0C				add		esp, 12



 00000139  5D					pop		ebp
 0000013A  C3					ret

 0000013B			test_proc	ENDP

					;-----GATE PROCEDURES-----;

 0000013B			AND_gate	PROC

					;-----AND_gate takes parameters a and b then it will AND the results back-----;
 0000013B  55					push	ebp
 0000013C  8B EC				mov		ebp, esp
						
 0000013E  8B 45 0C				mov		eax, [ebp+12]
 00000141  23 45 08				and		eax, [ebp+8]

 00000144  5D					pop		ebp
 00000145  C3					ret

 00000146			AND_gate	ENDP

 00000146			OR_gate		PROC

					;-----OR_gate takes parameters a and b then it will OR the results back-----;
 00000146  55					push	ebp
 00000147  8B EC				mov		ebp, esp

 00000149  8B 45 0C				mov		eax, [ebp+12]
 0000014C  0B 45 08				or		eax, [ebp+8]

 0000014F  5D					pop		ebp
 00000150  C3					ret

 00000151			OR_gate		ENDP

 00000151			XOR_gate	PROC

 00000151  55					push	ebp
 00000152  8B EC				mov		ebp, esp
 00000154  8B 45 0C				mov		eax, [ebp+12]
 00000157  33 45 08				xor		eax, [ebp+8]

 0000015A  5D					pop		ebp
 0000015B  C3					ret

 0000015C			XOR_gate	ENDP

 0000015C			full_adder	PROC

					;-----Full Adder: Ai XOR Bi XOR cin-----;
						;[ebp+8]	= binv
						;[ebp+12]	= and_result
						;[ebp+16]	= xor_result

 0000015C  55					push	ebp
 0000015D  8B EC				mov		ebp, esp

						;xor_result AND binv
						;If subraction, AND gate will invert B
 0000015F  8B 45 10				mov		eax, [ebp+16]		;xor_result
 00000162  23 45 08				and		eax, [ebp+8]		;xor_result AND binv

						;(xor_result AND binv) OR and_result
 00000165  0B 45 0C				or		eax, [ebp+12]		;carry result

 00000168  5D					pop		ebp
 00000169  C3					ret

 0000016A			full_adder	ENDP

				END                             ; end of source code
Microsoft (R) Macro Assembler Version 12.00.30501.0	    05/01/15 22:46:06
16bit_alu.asm						     Symbols 2 - 1




Macros:

                N a m e                 Type

atod . . . . . . . . . . . . . .	Proc
atow . . . . . . . . . . . . . .	Proc
dtoa . . . . . . . . . . . . . .	Proc
input  . . . . . . . . . . . . .	Proc
output . . . . . . . . . . . . .	Proc
wtoa . . . . . . . . . . . . . .	Proc


Segments and Groups:

                N a m e                 Size     Length   Align   Combine Class

FLAT . . . . . . . . . . . . . .	GROUP
STACK  . . . . . . . . . . . . .	32 Bit	 00001000 Para	  Stack	  'STACK'	 
_DATA  . . . . . . . . . . . . .	32 Bit	 00000237 Para	  Public  'DATA'	
_TEXT  . . . . . . . . . . . . .	32 Bit	 0000016A Para	  Public  'CODE'	


Procedures, parameters, and locals:

                N a m e                 Type     Value    Attr

AND_gate . . . . . . . . . . . .	P Near	 0000013B _TEXT	Length= 0000000B Public
OR_gate  . . . . . . . . . . . .	P Near	 00000146 _TEXT	Length= 0000000B Public
XOR_gate . . . . . . . . . . . .	P Near	 00000151 _TEXT	Length= 0000000B Public
_MainProc  . . . . . . . . . . .	P Near	 00000000 _TEXT	Length= 000000F8 Public
  loop1  . . . . . . . . . . . .	L Near	 0000002F _TEXT	
  done1  . . . . . . . . . . . .	L Near	 0000003F _TEXT	
full_adder . . . . . . . . . . .	P Near	 0000015C _TEXT	Length= 0000000E Public
test_proc  . . . . . . . . . . .	P Near	 000000F8 _TEXT	Length= 00000043 Public


Symbols:

                N a m e                 Type     Value    Attr

@CodeSize  . . . . . . . . . . .	Number	 00000000h   
@DataSize  . . . . . . . . . . .	Number	 00000000h   
@Interface . . . . . . . . . . .	Number	 00000000h   
@Model . . . . . . . . . . . . .	Number	 00000007h   
@code  . . . . . . . . . . . . .	Text   	 _TEXT
@data  . . . . . . . . . . . . .	Text   	 FLAT
@fardata?  . . . . . . . . . . .	Text   	 FLAT
@fardata . . . . . . . . . . . .	Text   	 FLAT
@stack . . . . . . . . . . . . .	Text   	 FLAT
_getInput  . . . . . . . . . . .	L Near	 00000000 FLAT	External
_showOutput  . . . . . . . . . .	L Near	 00000000 FLAT	External
add_result . . . . . . . . . . .	DWord	 0000006D _DATA	
and_result . . . . . . . . . . .	DWord	 00000061 _DATA	
arg  . . . . . . . . . . . . . .	Byte	 00000032 _DATA	
atodproc . . . . . . . . . . . .	L Near	 00000000 FLAT	External
atowproc . . . . . . . . . . . .	L Near	 00000000 FLAT	External
a  . . . . . . . . . . . . . . .	DWord	 00000022 _DATA	
binv . . . . . . . . . . . . . .	DWord	 0000002A _DATA	
b  . . . . . . . . . . . . . . .	DWord	 00000026 _DATA	
carry  . . . . . . . . . . . . .	DWord	 00000079 _DATA	
cin_plus . . . . . . . . . . . .	DWord	 00000071 _DATA	
dtoaproc . . . . . . . . . . . .	L Near	 00000000 FLAT	External
label2 . . . . . . . . . . . . .	Byte	 00000091 _DATA	
op . . . . . . . . . . . . . . .	DWord	 0000002E _DATA	
or_result  . . . . . . . . . . .	DWord	 00000065 _DATA	
outlbl . . . . . . . . . . . . .	Byte	 00000080 _DATA	
outstr . . . . . . . . . . . . .	Byte	 000000A6 _DATA	
prompt1  . . . . . . . . . . . .	Byte	 00000000 _DATA	
result_str . . . . . . . . . . .	Byte	 0000007D _DATA	
si_result  . . . . . . . . . . .	DWord	 00000075 _DATA	
temp2  . . . . . . . . . . . . .	Byte	 00000060 _DATA	
temp . . . . . . . . . . . . . .	Byte	 0000005B _DATA	
wtoaproc . . . . . . . . . . . .	L Near	 00000000 FLAT	External
xor_result . . . . . . . . . . .	DWord	 00000069 _DATA	

	   0 Warnings
	   0 Errors
