Microsoft (R) Macro Assembler Version 12.00.30501.0	    04/16/15 09:58:40
1bit_alu.asm						     Page 1 - 1


				;Bee Cha
				;Lab 9
				;Implement a 1-bit ALU
				;Create gate procedures
				;Then perform 1-bit ALU instructions
				;Output results

				.586
				.MODEL FLAT

				INCLUDE io.h            ; header file for input/output
			      C ; IO.H -- header file for I/O macros (listing suppressed)
			      C .NOLIST      ; turn off listing
			      C .LIST        ; begin listing
			      C 

				.STACK 4096

 00000000			.DATA

 00000000 45 6E 74 65 72	prompt1	BYTE	"Enter a, b, carry in, and op code", 0
	   20 61 2C 20 62
	   2C 20 63 61 72
	   72 79 20 69 6E
	   2C 20 61 6E 64
	   20 6F 70 20 63
	   6F 64 65 00
 00000022 00000000		a		DWORD	?
 00000026 00000000		b		DWORD	?
 0000002A 00000000		cin		DWORD	?
 0000002E 00000000		op		DWORD	?
 00000032  00000028 [		arg		BYTE	40 dup(?),0
	    00
	   ] 00
 0000005B  00000004 [		temp	BYTE	4 dup(" "),0
	    20
	   ] 00
 00000060 00			temp2	BYTE	?
 00000061 00000000		and_result	DWORD	?
 00000065 00000000		or_result	DWORD	?
 00000069 00000000		xor_result	DWORD	?
 0000006D 00000000		add_result	DWORD	?
 00000071 00000000		cin_plus	DWORD	?
 00000075 00000000		si_result	DWORD	?
 00000079  00000002 [		result_str	BYTE	2 dup(" "), 0
	    20
	   ] 00
 0000007C 52 65 73 75 6C	outlbl	BYTE	"Result 1-Bit ALU", 0
	   74 20 31 2D 42
	   69 74 20 41 4C
	   55 00
 0000008D 61 69 09 62 69	label2	BYTE	"ai", 09h, "bi", 09h, "ci", 09h, "op", 09h, "Si", 09h, "Ci+1", 0dh, 0	;20 characters
	   09 63 69 09 6F
	   70 09 53 69 09
	   43 69 2B 31 0D
	   00
 000000A2 00			outstr	BYTE	400 dup(?), 0


 00000000			.CODE
 00000000			_MainProc PROC

						input	prompt1, arg, 40		;Get user input

 0000001E  8D 1D 00000032 R			lea		ebx, arg
 00000024  8D 15 0000005B R			lea		edx, temp
 0000002A  B9 00000000				mov		ecx, 0

 0000002F			loop1:
 0000002F  80 3B 20				cmp		BYTE ptr [ebx], 20h		;Compare if it's a blank space
 00000032  74 0B				je		done1
 00000034  80 3B 00				cmp		BYTE ptr [ebx], 00h		;Compare if it's a null space
 00000037  74 06				je		done1
 00000039  8A 03				mov		AL, byte ptr [ebx]		;Otherwise get 1 byte from it
 0000003B  88 02				mov		[edx], AL				;And put it in temp string
 0000003D  41					inc		ecx
 0000003E  42					inc		edx
 0000003F			done1:
 0000003F  43					inc		ebx
 00000040  83 F9 04				cmp		ecx, 4
 00000043  7C EA				jl		loop1

					;-----Convert each parameters in [EBX] into dword, ATOD-----;

 00000045  8D 15 0000005B R			lea		edx, temp
 0000004B  8A 02				mov		AL, byte ptr [edx]
 0000004D  A2 00000060 R			mov		temp2, AL
						atod	temp2
 00000061  A3 00000022 R			mov		a, eax

 00000066  42					inc		edx
 00000067  8A 02				mov		AL, byte ptr [edx]
 00000069  A2 00000060 R			mov		temp2, AL
						atod	temp2
 0000007D  A3 00000026 R			mov		b, eax

 00000082  42					inc		edx
 00000083  8A 02				mov		AL, byte ptr [edx]
 00000085  A2 00000060 R			mov		temp2, AL
						atod	temp2
 00000099  A3 0000002A R			mov		cin, eax

 0000009E  42					inc		edx
 0000009F  8A 02				mov		AL, byte ptr [edx]
 000000A1  A2 00000060 R			mov		temp2, AL
						atod	temp2
 000000B5  A3 0000002E R			mov		op, eax

					;-----Now you have the corresponding arguments: a, b, cin, and op-----;

 000000BA  FF 35 00000022 R			push	a
 000000C0  FF 35 00000026 R			push	b
 000000C6  E8 000001B5				call	AND_gate		;results stored in eax
 000000CB  A3 00000061 R			mov		and_result, eax
						
 000000D0  E8 000001B6				call	OR_gate
 000000D5  A3 00000065 R			mov		or_result, eax

 000000DA  E8 000001B7				call	XOR_gate
 000000DF  A3 00000069 R			mov		xor_result, eax
 000000E4  83 C4 08				add		esp, 8

 000000E7  FF 35 00000061 R			push	and_result
 000000ED  FF 35 00000065 R			push	or_result
 000000F3  FF 35 0000002A R			push	cin

 000000F9  E8 000001A3				call	full_adder
 000000FE  A3 0000006D R			mov		add_result, eax
 00000103  83 C4 0C				add		esp, 12

					;-----A XOR B AND CIN OR A AND B-----;
					;-----xor_result AND CIN OR and_result
 00000106  A1 0000002A R			mov		eax, cin
 0000010B  23 05 00000069 R			and		eax, xor_result
 00000111  0B 05 00000061 R			or		eax, and_result
 00000117  A3 00000071 R			mov		cin_plus, eax


					;-----MULTIPLEXER-----;
					;OP Code: 0		AND
					;OP Code: 1		OR
					;OP Code: 2		ADD

 0000011C  83 3D 0000002E R			cmp		op, 0
	   00
 00000123  74 12				je		AND_label
 00000125  83 3D 0000002E R			cmp		op, 1
	   01
 0000012C  74 21				je		OR_label
 0000012E  83 3D 0000002E R			cmp		op, 2
	   02
 00000135  74 30				je		ADD_label
						
 00000137			AND_label:
					;-----and_result AND or_result AND add_result-----;
 00000137  A1 00000061 R			mov		eax, and_result
 0000013C  23 05 00000065 R			and		eax, or_result
 00000142  23 05 0000006D R			and		eax, add_result
 00000148  A3 00000075 R			mov		si_result, eax
 0000014D  EB 30				jmp		done2

 0000014F			OR_label:
					;-----and_result OR or_result OR add_result-----;
 0000014F  A1 00000061 R			mov		eax, and_result
 00000154  0B 05 00000065 R			or		eax, or_result
 0000015A  0B 05 0000006D R			or		eax, add_result
 00000160  A3 00000075 R			mov		si_result, eax
 00000165  EB 18				jmp		done2

 00000167			ADD_label:
					;-----and_result ADD or_result ADD add_result-----;
 00000167  A1 00000061 R			mov		eax, and_result
 0000016C  03 05 00000065 R			add		eax, or_result
 00000172  03 05 0000006D R			add		eax, add_result
 00000178  A3 00000075 R			mov		si_result, eax
 0000017D  EB 00				jmp		done2

 0000017F			done2:

					;-----Append string to output window-----;

 0000017F  8D 35 0000008D R			lea		esi, label2
 00000185  8D 3D 000000A2 R			lea		edi, outstr
 0000018B  FC					cld
 0000018C  B9 00000014				mov		ecx, 20
 00000191  F3/ A4				rep		movsb

 00000193  8D 35 0000005B R			lea		esi, temp
 00000199  8D 3D 000000B6 R			lea		edi, outstr+20
 0000019F  FC					cld
 000001A0  B9 00000001				mov		ecx, 1
 000001A5  F3/ A4				rep		movsb
 000001A7  C6 05 000000B7 R			mov		outstr+21, 09h
	   09

 000001AE  8D 35 0000005C R			lea		esi, temp+1
 000001B4  8D 3D 000000B8 R			lea		edi, outstr+22
 000001BA  B9 00000001				mov		ecx, 1
 000001BF  F3/ A4				rep		movsb
 000001C1  C6 05 000000B9 R			mov		outstr+23, 09h
	   09

 000001C8  8D 35 0000005D R			lea		esi, temp+2
 000001CE  8D 3D 000000BA R			lea		edi, outstr+24
 000001D4  B9 00000001				mov		ecx, 1
 000001D9  F3/ A4				rep		movsb
 000001DB  C6 05 000000BB R			mov		outstr+25, 09h
	   09

 000001E2  8D 35 0000005E R			lea		esi, temp+3
 000001E8  8D 3D 000000BC R			lea		edi, outstr+26
 000001EE  B9 00000001				mov		ecx, 1
 000001F3  F3/ A4				rep		movsb
 000001F5  C6 05 000000BD R			mov		outstr+27, 09h
	   09

						dtoa	temp2, si_result

 00000218  8D 35 0000006A R			lea		esi, temp2+10
 0000021E  8D 3D 000000BE R			lea		edi, outstr+28
 00000224  B9 00000001				mov		ecx, 1
 00000229  F3/ A4				rep		movsb
 0000022B  C6 05 000000BF R			mov		outstr+29, 09h
	   09

						dtoa	temp2, cin_plus

 0000024E  8D 35 0000006A R			lea		esi, temp2+10
 00000254  8D 3D 000000C0 R			lea		edi, outstr+30
 0000025A  B9 00000001				mov		ecx, 1
 0000025F  F3/ A4				rep		movsb

						output	outlbl, outstr

 0000027A  B8 00000000		        mov     eax, 0  ; exit with return code 0
 0000027F  C3			        ret
 00000280			_MainProc ENDP



					;-----GATE PROCEDURES-----;

 00000280			AND_gate	PROC

					;-----AND_gate takes parameters a and b then it will AND the results back-----;
 00000280  55					push	ebp
 00000281  8B EC				mov		ebp, esp
						
 00000283  8B 45 0C				mov		eax, [ebp+12]
 00000286  23 45 08				and		eax, [ebp+8]

 00000289  5D					pop		ebp
 0000028A  C3					ret

 0000028B			AND_gate	ENDP

 0000028B			OR_gate		PROC

					;-----OR_gate takes parameters a and b then it will OR the results back-----;
 0000028B  55					push	ebp
 0000028C  8B EC				mov		ebp, esp

 0000028E  8B 45 0C				mov		eax, [ebp+12]
 00000291  0B 45 08				or		eax, [ebp+8]

 00000294  5D					pop		ebp
 00000295  C3					ret

 00000296			OR_gate		ENDP

 00000296			XOR_gate	PROC

 00000296  55					push	ebp
 00000297  8B EC				mov		ebp, esp
 00000299  8B 45 0C				mov		eax, [ebp+12]
 0000029C  33 45 08				xor		eax, [ebp+8]

 0000029F  5D					pop		ebp
 000002A0  C3					ret

 000002A1			XOR_gate	ENDP

 000002A1			full_adder	PROC

					;-----Full Adder: Ai XOR Bi XOR cin-----;
 000002A1  55					push	ebp
 000002A2  8B EC				mov		ebp, esp

 000002A4  8B 45 08				mov		eax, [ebp+8]		;Ai
 000002A7  33 45 0C				xor		eax, [ebp+12]		;Ai XOR Bi
 000002AA  33 45 10				xor		eax, [ebp+16]		;Ai XOR Bi XOR cin

 000002AD  5D					pop		ebp
 000002AE  C3					ret

 000002AF			full_adder	ENDP

				END                             ; end of source code

Microsoft (R) Macro Assembler Version 12.00.30501.0	    04/16/15 09:58:40
1bit_alu.asm						     Symbols 2 - 1




Macros:

                N a m e                 Type

atod . . . . . . . . . . . . . .	Proc
atow . . . . . . . . . . . . . .	Proc
dtoa . . . . . . . . . . . . . .	Proc
input  . . . . . . . . . . . . .	Proc
output . . . . . . . . . . . . .	Proc
wtoa . . . . . . . . . . . . . .	Proc


Segments and Groups:

                N a m e                 Size     Length   Align   Combine Class

FLAT . . . . . . . . . . . . . .	GROUP
STACK  . . . . . . . . . . . . .	32 Bit	 00001000 Para	  Stack	  'STACK'	 
_DATA  . . . . . . . . . . . . .	32 Bit	 00000233 Para	  Public  'DATA'	
_TEXT  . . . . . . . . . . . . .	32 Bit	 000002AF Para	  Public  'CODE'	


Procedures, parameters, and locals:

                N a m e                 Type     Value    Attr

AND_gate . . . . . . . . . . . .	P Near	 00000280 _TEXT	Length= 0000000B Public
OR_gate  . . . . . . . . . . . .	P Near	 0000028B _TEXT	Length= 0000000B Public
XOR_gate . . . . . . . . . . . .	P Near	 00000296 _TEXT	Length= 0000000B Public
_MainProc  . . . . . . . . . . .	P Near	 00000000 _TEXT	Length= 00000280 Public
  loop1  . . . . . . . . . . . .	L Near	 0000002F _TEXT	
  done1  . . . . . . . . . . . .	L Near	 0000003F _TEXT	
  AND_label  . . . . . . . . . .	L Near	 00000137 _TEXT	
  OR_label . . . . . . . . . . .	L Near	 0000014F _TEXT	
  ADD_label  . . . . . . . . . .	L Near	 00000167 _TEXT	
  done2  . . . . . . . . . . . .	L Near	 0000017F _TEXT	
full_adder . . . . . . . . . . .	P Near	 000002A1 _TEXT	Length= 0000000E Public


Symbols:

                N a m e                 Type     Value    Attr

@CodeSize  . . . . . . . . . . .	Number	 00000000h   
@DataSize  . . . . . . . . . . .	Number	 00000000h   
@Interface . . . . . . . . . . .	Number	 00000000h   
@Model . . . . . . . . . . . . .	Number	 00000007h   
@code  . . . . . . . . . . . . .	Text   	 _TEXT
@data  . . . . . . . . . . . . .	Text   	 FLAT
@fardata?  . . . . . . . . . . .	Text   	 FLAT
@fardata . . . . . . . . . . . .	Text   	 FLAT
@stack . . . . . . . . . . . . .	Text   	 FLAT
_getInput  . . . . . . . . . . .	L Near	 00000000 FLAT	External
_showOutput  . . . . . . . . . .	L Near	 00000000 FLAT	External
add_result . . . . . . . . . . .	DWord	 0000006D _DATA	
and_result . . . . . . . . . . .	DWord	 00000061 _DATA	
arg  . . . . . . . . . . . . . .	Byte	 00000032 _DATA	
atodproc . . . . . . . . . . . .	L Near	 00000000 FLAT	External
atowproc . . . . . . . . . . . .	L Near	 00000000 FLAT	External
a  . . . . . . . . . . . . . . .	DWord	 00000022 _DATA	
b  . . . . . . . . . . . . . . .	DWord	 00000026 _DATA	
cin_plus . . . . . . . . . . . .	DWord	 00000071 _DATA	
cin  . . . . . . . . . . . . . .	DWord	 0000002A _DATA	
dtoaproc . . . . . . . . . . . .	L Near	 00000000 FLAT	External
label2 . . . . . . . . . . . . .	Byte	 0000008D _DATA	
op . . . . . . . . . . . . . . .	DWord	 0000002E _DATA	
or_result  . . . . . . . . . . .	DWord	 00000065 _DATA	
outlbl . . . . . . . . . . . . .	Byte	 0000007C _DATA	
outstr . . . . . . . . . . . . .	Byte	 000000A2 _DATA	
prompt1  . . . . . . . . . . . .	Byte	 00000000 _DATA	
result_str . . . . . . . . . . .	Byte	 00000079 _DATA	
si_result  . . . . . . . . . . .	DWord	 00000075 _DATA	
temp2  . . . . . . . . . . . . .	Byte	 00000060 _DATA	
temp . . . . . . . . . . . . . .	Byte	 0000005B _DATA	
wtoaproc . . . . . . . . . . . .	L Near	 00000000 FLAT	External
xor_result . . . . . . . . . . .	DWord	 00000069 _DATA	

	   0 Warnings
	   0 Errors
